<?xml version="1.0" encoding="UTF-8"?>
<!-- Generated by org.testng.reporters.JUnitXMLReporter -->
<testsuite hostname="Cnu" ignored="1" name="C:/Users/SrinivasReddy Pakala/IdeaProjects/Testngframework" tests="12" failures="1" timestamp="27 Sep 2022 12:12:39 GMT" time="60.955" errors="0">
  <testcase name="Textfileread" time="0.003" classname="FileHandling.Readdata"/>
  <testcase name="Readtextusingbuff" time="0.003" classname="FileHandling.Readdata"/>
  <testcase name="Writedatausingfilewiter" time="0.003" classname="FileHandling.Readdata"/>
  <testcase name="Writedatausingbufferwiter" time="0.002" classname="FileHandling.Readdata"/>
  <testcase name="Amazonsearfirstchelement" time="21.996" classname="TestNG.TestNGMain"/>
  <testcase name="Handlealertpopups" time="5.385" classname="TestNG.TestNGMain"/>
  <testcase name="Dropdownshandling" time="4.275" classname="TestNG.TestNGMain"/>
  <testcase name="Angulardropdownhandling" time="3.379" classname="TestNG.TestNGMain"/>
  <testcase name="Vehicleassment" time="3.91" classname="TestNG.TestNGMain"/>
  <testcase name="Myntraapp" time="8.266" classname="TestNG.TestNGMain"/>
  <testcase name="Method5" time="0.016" classname="TestNG.TestNGannotations">
    <failure type="java.lang.AssertionError" message="expected [true] but found [false]">
      <![CDATA[java.lang.AssertionError: expected [true] but found [false]
at org.testng.Assert.fail(Assert.java:96)
at org.testng.Assert.failNotEquals(Assert.java:776)
at org.testng.Assert.assertTrue(Assert.java:44)
at org.testng.Assert.assertTrue(Assert.java:54)
at TestNG.TestNGannotations.Method5(TestNGannotations.java:26)
at sun.reflect.NativeMethodAccessorImpl.invoke0(Native Method)
at sun.reflect.NativeMethodAccessorImpl.invoke(NativeMethodAccessorImpl.java:62)
at sun.reflect.DelegatingMethodAccessorImpl.invoke(DelegatingMethodAccessorImpl.java:43)
at java.lang.reflect.Method.invoke(Method.java:498)
at org.testng.internal.MethodInvocationHelper.invokeMethod(MethodInvocationHelper.java:124)
at org.testng.internal.Invoker.invokeMethod(Invoker.java:583)
at org.testng.internal.Invoker.invokeTestMethod(Invoker.java:719)
at org.testng.internal.Invoker.invokeTestMethods(Invoker.java:989)
at org.testng.internal.TestMethodWorker.invokeTestMethods(TestMethodWorker.java:125)
at org.testng.internal.TestMethodWorker.run(TestMethodWorker.java:109)
at org.testng.TestRunner.privateRun(TestRunner.java:648)
at org.testng.TestRunner.run(TestRunner.java:505)
at org.testng.SuiteRunner.runTest(SuiteRunner.java:455)
at org.testng.SuiteRunner.runSequentially(SuiteRunner.java:450)
at org.testng.SuiteRunner.privateRun(SuiteRunner.java:415)
at org.testng.SuiteRunner.run(SuiteRunner.java:364)
at org.testng.SuiteRunnerWorker.runSuite(SuiteRunnerWorker.java:52)
at org.testng.SuiteRunnerWorker.run(SuiteRunnerWorker.java:84)
at org.testng.TestNG.runSuitesSequentially(TestNG.java:1208)
at org.testng.TestNG.runSuitesLocally(TestNG.java:1137)
at org.testng.TestNG.runSuites(TestNG.java:1049)
at org.testng.TestNG.run(TestNG.java:1017)
at com.intellij.rt.testng.IDEARemoteTestNG.run(IDEARemoteTestNG.java:66)
at com.intellij.rt.testng.RemoteTestNGStarter.main(RemoteTestNGStarter.java:109)
]]>
    </failure>
  </testcase> <!-- Method5 -->
  <testcase name="Amethod" time="0.0" classname="TestNG.TestNGannotations"/>
  <testcase name="Method7" time="0.0" classname="TestNG.TestNGannotations">
    <ignored/>
  </testcase> <!-- Method7 -->
</testsuite> <!-- C:/Users/SrinivasReddy Pakala/IdeaProjects/Testngframework -->
