<?xml version="1.0" encoding="UTF-8"?>
<testng-results skipped="0" failed="1" ignored="1" total="13" passed="11">
  <reporter-output>
  </reporter-output>
  <suite name="All Test Suite" duration-ms="60955" started-at="2022-09-27T12:11:39Z" finished-at="2022-09-27T12:12:39Z">
    <groups>
      <group name="smoke">
        <method signature="TestNGMain.Myntraapp()[pri:0, instance:TestNG.TestNGMain@6b2fad11]" name="Myntraapp" class="TestNG.TestNGMain"/>
      </group> <!-- smoke -->
    </groups>
    <test name="C:/Users/SrinivasReddy Pakala/IdeaProjects/Testngframework" duration-ms="60955" started-at="2022-09-27T12:11:39Z" finished-at="2022-09-27T12:12:39Z">
      <class name="TestNG.TestNGannotations">
        <test-method status="PASS" signature="Method1()[pri:0, instance:TestNG.TestNGannotations@3fb6a447]" name="Method1" is-config="true" duration-ms="48" started-at="2022-09-27T12:11:38Z" finished-at="2022-09-27T12:11:39Z">
          <reporter-output>
          </reporter-output>
        </test-method> <!-- Method1 -->
        <test-method status="PASS" signature="Method4()[pri:0, instance:TestNG.TestNGannotations@3fb6a447]" name="Method4" is-config="true" duration-ms="1" started-at="2022-09-27T12:11:39Z" finished-at="2022-09-27T12:11:39Z">
          <reporter-output>
          </reporter-output>
        </test-method> <!-- Method4 -->
        <test-method status="PASS" signature="Method3()[pri:0, instance:TestNG.TestNGannotations@3fb6a447]" name="Method3" is-config="true" duration-ms="0" started-at="2022-09-27T12:12:39Z" finished-at="2022-09-27T12:12:39Z">
          <reporter-output>
          </reporter-output>
        </test-method> <!-- Method3 -->
        <test-method status="PASS" signature="Method2()[pri:0, instance:TestNG.TestNGannotations@3fb6a447]" name="Method2" is-config="true" duration-ms="0" started-at="2022-09-27T12:12:39Z" finished-at="2022-09-27T12:12:39Z">
          <reporter-output>
          </reporter-output>
        </test-method> <!-- Method2 -->
        <test-method status="FAIL" signature="Method5()[pri:1, instance:TestNG.TestNGannotations@3fb6a447]" name="Method5" duration-ms="16" started-at="2022-09-27T12:12:39Z" finished-at="2022-09-27T12:12:39Z">
          <exception class="java.lang.AssertionError">
            <message>
              <![CDATA[expected [true] but found [false]]]>
            </message>
            <full-stacktrace>
              <![CDATA[java.lang.AssertionError: expected [true] but found [false]
at org.testng.Assert.fail(Assert.java:96)
at org.testng.Assert.failNotEquals(Assert.java:776)
at org.testng.Assert.assertTrue(Assert.java:44)
at org.testng.Assert.assertTrue(Assert.java:54)
at TestNG.TestNGannotations.Method5(TestNGannotations.java:26)
at sun.reflect.NativeMethodAccessorImpl.invoke0(Native Method)
at sun.reflect.NativeMethodAccessorImpl.invoke(NativeMethodAccessorImpl.java:62)
at sun.reflect.DelegatingMethodAccessorImpl.invoke(DelegatingMethodAccessorImpl.java:43)
at java.lang.reflect.Method.invoke(Method.java:498)
at org.testng.internal.MethodInvocationHelper.invokeMethod(MethodInvocationHelper.java:124)
at org.testng.internal.Invoker.invokeMethod(Invoker.java:583)
at org.testng.internal.Invoker.invokeTestMethod(Invoker.java:719)
at org.testng.internal.Invoker.invokeTestMethods(Invoker.java:989)
at org.testng.internal.TestMethodWorker.invokeTestMethods(TestMethodWorker.java:125)
at org.testng.internal.TestMethodWorker.run(TestMethodWorker.java:109)
at org.testng.TestRunner.privateRun(TestRunner.java:648)
at org.testng.TestRunner.run(TestRunner.java:505)
at org.testng.SuiteRunner.runTest(SuiteRunner.java:455)
at org.testng.SuiteRunner.runSequentially(SuiteRunner.java:450)
at org.testng.SuiteRunner.privateRun(SuiteRunner.java:415)
at org.testng.SuiteRunner.run(SuiteRunner.java:364)
at org.testng.SuiteRunnerWorker.runSuite(SuiteRunnerWorker.java:52)
at org.testng.SuiteRunnerWorker.run(SuiteRunnerWorker.java:84)
at org.testng.TestNG.runSuitesSequentially(TestNG.java:1208)
at org.testng.TestNG.runSuitesLocally(TestNG.java:1137)
at org.testng.TestNG.runSuites(TestNG.java:1049)
at org.testng.TestNG.run(TestNG.java:1017)
at com.intellij.rt.testng.IDEARemoteTestNG.run(IDEARemoteTestNG.java:66)
at com.intellij.rt.testng.RemoteTestNGStarter.main(RemoteTestNGStarter.java:109)
]]>
            </full-stacktrace>
          </exception> <!-- java.lang.AssertionError -->
          <reporter-output>
          </reporter-output>
        </test-method> <!-- Method5 -->
        <test-method status="PASS" signature="Method8()[pri:0, instance:TestNG.TestNGannotations@3fb6a447]" name="Method8" is-config="true" duration-ms="0" started-at="2022-09-27T12:12:39Z" finished-at="2022-09-27T12:12:39Z">
          <reporter-output>
          </reporter-output>
        </test-method> <!-- Method8 -->
        <test-method status="PASS" signature="Method9()[pri:0, instance:TestNG.TestNGannotations@3fb6a447]" name="Method9" is-config="true" duration-ms="0" started-at="2022-09-27T12:12:39Z" finished-at="2022-09-27T12:12:39Z">
          <reporter-output>
          </reporter-output>
        </test-method> <!-- Method9 -->
        <test-method status="PASS" signature="Amethod()[pri:2, instance:TestNG.TestNGannotations@3fb6a447]" name="Amethod" duration-ms="0" started-at="2022-09-27T12:12:39Z" finished-at="2022-09-27T12:12:39Z">
          <reporter-output>
          </reporter-output>
        </test-method> <!-- Amethod -->
        <test-method status="PASS" signature="Method8()[pri:0, instance:TestNG.TestNGannotations@3fb6a447]" name="Method8" is-config="true" duration-ms="0" started-at="2022-09-27T12:12:39Z" finished-at="2022-09-27T12:12:39Z">
          <reporter-output>
          </reporter-output>
        </test-method> <!-- Method8 -->
        <test-method status="PASS" signature="Method3()[pri:0, instance:TestNG.TestNGannotations@3fb6a447]" name="Method3" is-config="true" duration-ms="0" started-at="2022-09-27T12:12:39Z" finished-at="2022-09-27T12:12:39Z">
          <reporter-output>
          </reporter-output>
        </test-method> <!-- Method3 -->
        <test-method status="PASS" signature="Method6()[pri:0, instance:TestNG.TestNGannotations@3fb6a447]" name="Method6" is-config="true" duration-ms="0" started-at="2022-09-27T12:12:39Z" finished-at="2022-09-27T12:12:39Z">
          <reporter-output>
          </reporter-output>
        </test-method> <!-- Method6 -->
        <test-method status="PASS" signature="Method10()[pri:0, instance:TestNG.TestNGannotations@3fb6a447]" name="Method10" is-config="true" duration-ms="0" started-at="2022-09-27T12:12:40Z" finished-at="2022-09-27T12:12:40Z">
          <reporter-output>
          </reporter-output>
        </test-method> <!-- Method10 -->
      </class> <!-- TestNG.TestNGannotations -->
      <class name="TestNG.TestNGMain">
        <test-method status="PASS" signature="Chromeopen()[pri:0, instance:TestNG.TestNGMain@6b2fad11]" name="Chromeopen" is-config="true" duration-ms="4461" started-at="2022-09-27T12:11:39Z" finished-at="2022-09-27T12:11:43Z">
          <reporter-output>
          </reporter-output>
        </test-method> <!-- Chromeopen -->
        <test-method status="PASS" signature="Amazonsearfirstchelement()[pri:0, instance:TestNG.TestNGMain@6b2fad11]" name="Amazonsearfirstchelement" duration-ms="21996" started-at="2022-09-27T12:11:43Z" finished-at="2022-09-27T12:12:05Z">
          <reporter-output>
          </reporter-output>
        </test-method> <!-- Amazonsearfirstchelement -->
        <test-method status="PASS" signature="Chromeopen()[pri:0, instance:TestNG.TestNGMain@6b2fad11]" name="Chromeopen" is-config="true" duration-ms="1807" started-at="2022-09-27T12:12:05Z" finished-at="2022-09-27T12:12:07Z">
          <reporter-output>
          </reporter-output>
        </test-method> <!-- Chromeopen -->
        <test-method status="PASS" signature="Handlealertpopups()[pri:0, instance:TestNG.TestNGMain@6b2fad11]" name="Handlealertpopups" duration-ms="5385" started-at="2022-09-27T12:12:07Z" finished-at="2022-09-27T12:12:12Z">
          <reporter-output>
          </reporter-output>
        </test-method> <!-- Handlealertpopups -->
        <test-method status="PASS" signature="Chromeopen()[pri:0, instance:TestNG.TestNGMain@6b2fad11]" name="Chromeopen" is-config="true" duration-ms="1830" started-at="2022-09-27T12:12:12Z" finished-at="2022-09-27T12:12:14Z">
          <reporter-output>
          </reporter-output>
        </test-method> <!-- Chromeopen -->
        <test-method status="PASS" signature="Dropdownshandling()[pri:0, instance:TestNG.TestNGMain@6b2fad11]" name="Dropdownshandling" duration-ms="4275" started-at="2022-09-27T12:12:14Z" finished-at="2022-09-27T12:12:18Z">
          <reporter-output>
          </reporter-output>
        </test-method> <!-- Dropdownshandling -->
        <test-method status="PASS" signature="Chromeopen()[pri:0, instance:TestNG.TestNGMain@6b2fad11]" name="Chromeopen" is-config="true" duration-ms="1728" started-at="2022-09-27T12:12:18Z" finished-at="2022-09-27T12:12:20Z">
          <reporter-output>
          </reporter-output>
        </test-method> <!-- Chromeopen -->
        <test-method status="PASS" signature="Angulardropdownhandling()[pri:0, instance:TestNG.TestNGMain@6b2fad11]" name="Angulardropdownhandling" duration-ms="3379" started-at="2022-09-27T12:12:20Z" finished-at="2022-09-27T12:12:23Z">
          <reporter-output>
          </reporter-output>
        </test-method> <!-- Angulardropdownhandling -->
        <test-method status="PASS" signature="Chromeopen()[pri:0, instance:TestNG.TestNGMain@6b2fad11]" name="Chromeopen" is-config="true" duration-ms="1928" started-at="2022-09-27T12:12:23Z" finished-at="2022-09-27T12:12:25Z">
          <reporter-output>
          </reporter-output>
        </test-method> <!-- Chromeopen -->
        <test-method status="PASS" signature="Vehicleassment()[pri:0, instance:TestNG.TestNGMain@6b2fad11]" name="Vehicleassment" duration-ms="3910" started-at="2022-09-27T12:12:25Z" finished-at="2022-09-27T12:12:29Z">
          <reporter-output>
          </reporter-output>
        </test-method> <!-- Vehicleassment -->
        <test-method status="PASS" signature="Chromeopen()[pri:0, instance:TestNG.TestNGMain@6b2fad11]" name="Chromeopen" is-config="true" duration-ms="1848" started-at="2022-09-27T12:12:29Z" finished-at="2022-09-27T12:12:31Z">
          <reporter-output>
          </reporter-output>
        </test-method> <!-- Chromeopen -->
        <test-method status="PASS" signature="Myntraapp()[pri:0, instance:TestNG.TestNGMain@6b2fad11]" name="Myntraapp" duration-ms="8266" started-at="2022-09-27T12:12:31Z" finished-at="2022-09-27T12:12:39Z">
          <reporter-output>
          </reporter-output>
        </test-method> <!-- Myntraapp -->
      </class> <!-- TestNG.TestNGMain -->
      <class name="FileHandling.Readdata">
        <test-method status="PASS" signature="Textfileread()[pri:0, instance:FileHandling.Readdata@79b4d0f]" name="Textfileread" duration-ms="3" started-at="2022-09-27T12:11:39Z" finished-at="2022-09-27T12:11:39Z">
          <reporter-output>
          </reporter-output>
        </test-method> <!-- Textfileread -->
        <test-method status="PASS" signature="Readtextusingbuff()[pri:0, instance:FileHandling.Readdata@79b4d0f]" name="Readtextusingbuff" duration-ms="3" started-at="2022-09-27T12:11:39Z" finished-at="2022-09-27T12:11:39Z">
          <reporter-output>
          </reporter-output>
        </test-method> <!-- Readtextusingbuff -->
        <test-method status="PASS" signature="Writedatausingfilewiter()[pri:0, instance:FileHandling.Readdata@79b4d0f]" name="Writedatausingfilewiter" duration-ms="3" started-at="2022-09-27T12:11:39Z" finished-at="2022-09-27T12:11:39Z">
          <reporter-output>
          </reporter-output>
        </test-method> <!-- Writedatausingfilewiter -->
        <test-method status="PASS" signature="Writedatausingbufferwiter()[pri:0, instance:FileHandling.Readdata@79b4d0f]" name="Writedatausingbufferwiter" duration-ms="2" started-at="2022-09-27T12:11:39Z" finished-at="2022-09-27T12:11:39Z">
          <reporter-output>
          </reporter-output>
        </test-method> <!-- Writedatausingbufferwiter -->
      </class> <!-- FileHandling.Readdata -->
    </test> <!-- C:/Users/SrinivasReddy Pakala/IdeaProjects/Testngframework -->
  </suite> <!-- All Test Suite -->
</testng-results>
